<?xml version="1.0" encoding="UTF-8"?>
<testng-results skipped="0" failed="0" ignored="0" total="1" passed="1">
  <reporter-output>
  </reporter-output>
  <suite name="Default suite" duration-ms="23107" started-at="2020-06-26T19:12:23Z" finished-at="2020-06-26T19:12:46Z">
    <groups>
    </groups>
    <test name="Default test" duration-ms="23107" started-at="2020-06-26T19:12:23Z" finished-at="2020-06-26T19:12:46Z">
      <class name="com.sanity.SanityTest1">
        <test-method status="PASS" signature="setup()[pri:0, instance:com.sanity.SanityTest1@23986957]" name="setup" is-config="true" duration-ms="12529" started-at="2020-06-26T19:12:23Z" finished-at="2020-06-26T19:12:35Z">
          <reporter-output>
          </reporter-output>
        </test-method> <!-- setup -->
        <test-method status="PASS" signature="getHome()[pri:0, instance:com.sanity.SanityTest1@23986957]" name="getHome" duration-ms="10558" started-at="2020-06-26T19:12:36Z" finished-at="2020-06-26T19:12:46Z">
          <reporter-output>
          </reporter-output>
        </test-method> <!-- getHome -->
        <test-method status="PASS" signature="exit()[pri:0, instance:com.sanity.SanityTest1@23986957]" name="exit" is-config="true" duration-ms="1" started-at="2020-06-26T19:12:46Z" finished-at="2020-06-26T19:12:46Z">
          <reporter-output>
          </reporter-output>
        </test-method> <!-- exit -->
      </class> <!-- com.sanity.SanityTest1 -->
    </test> <!-- Default test -->
  </suite> <!-- Default suite -->
</testng-results>
